d:\mfc\mfcex01\mfcex01\debug\mfcex01.pch
d:\mfc\mfcex01\mfcex01\debug\vc120.pdb
d:\mfc\mfcex01\mfcex01\debug\vc120.idb
d:\mfc\mfcex01\mfcex01\debug\stdafx.obj
d:\mfc\mfcex01\mfcex01\debug\mfcex01.obj
d:\mfc\mfcex01\mfcex01\debug\mfcex01dlg.obj
d:\mfc\mfcex01\mfcex01\debug\mfcex01.res
d:\mfc\mfcex01\debug\mfcex01.pdb
d:\mfc\mfcex01\mfcex01\debug\mfcex01.tlog\cl.command.1.tlog
d:\mfc\mfcex01\mfcex01\debug\mfcex01.tlog\cl.read.1.tlog
d:\mfc\mfcex01\mfcex01\debug\mfcex01.tlog\cl.write.1.tlog
d:\mfc\mfcex01\mfcex01\debug\mfcex01.tlog\link-cvtres.read.1.tlog
d:\mfc\mfcex01\mfcex01\debug\mfcex01.tlog\link-cvtres.write.1.tlog
d:\mfc\mfcex01\mfcex01\debug\mfcex01.tlog\link-mt.read.1.tlog
d:\mfc\mfcex01\mfcex01\debug\mfcex01.tlog\link-mt.write.1.tlog
d:\mfc\mfcex01\mfcex01\debug\mfcex01.tlog\link-rc.read.1.tlog
d:\mfc\mfcex01\mfcex01\debug\mfcex01.tlog\link-rc.write.1.tlog
d:\mfc\mfcex01\mfcex01\debug\mfcex01.tlog\link.12564-cvtres.read.1.tlog
d:\mfc\mfcex01\mfcex01\debug\mfcex01.tlog\link.12564-cvtres.write.1.tlog
d:\mfc\mfcex01\mfcex01\debug\mfcex01.tlog\link.12564-mt.read.1.tlog
d:\mfc\mfcex01\mfcex01\debug\mfcex01.tlog\link.12564-mt.write.1.tlog
d:\mfc\mfcex01\mfcex01\debug\mfcex01.tlog\link.12564-rc.read.1.tlog
d:\mfc\mfcex01\mfcex01\debug\mfcex01.tlog\link.12564-rc.write.1.tlog
d:\mfc\mfcex01\mfcex01\debug\mfcex01.tlog\link.12564.read.1.tlog
d:\mfc\mfcex01\mfcex01\debug\mfcex01.tlog\link.12564.write.1.tlog
d:\mfc\mfcex01\mfcex01\debug\mfcex01.tlog\link.command.1.tlog
d:\mfc\mfcex01\mfcex01\debug\mfcex01.tlog\link.read.1.tlog
d:\mfc\mfcex01\mfcex01\debug\mfcex01.tlog\link.write.1.tlog
d:\mfc\mfcex01\mfcex01\debug\mfcex01.tlog\rc.command.1.tlog
d:\mfc\mfcex01\mfcex01\debug\mfcex01.tlog\rc.read.1.tlog
d:\mfc\mfcex01\mfcex01\debug\mfcex01.tlog\rc.write.1.tlog
