d:\mfc\mfcex02 - 클래스 교체\mfcex02\debug\mfcex02.pch
d:\mfc\mfcex02 - 클래스 교체\mfcex02\debug\vc120.pdb
d:\mfc\mfcex02 - 클래스 교체\mfcex02\debug\vc120.idb
d:\mfc\mfcex02 - 클래스 교체\mfcex02\debug\stdafx.obj
d:\mfc\mfcex02 - 클래스 교체\mfcex02\debug\comm.obj
d:\mfc\mfcex02 - 클래스 교체\mfcex02\debug\mfcex02.obj
d:\mfc\mfcex02 - 클래스 교체\mfcex02\debug\rsport.obj
d:\mfc\mfcex02 - 클래스 교체\mfcex02\debug\mfcex02dlg.obj
d:\mfc\mfcex02 - 클래스 교체\debug\mfcex02.ilk
d:\mfc\mfcex02 - 클래스 교체\debug\mfcex02.exe
d:\mfc\mfcex02 - 클래스 교체\debug\mfcex02.pdb
d:\mfc\mfcex02 - 클래스 교체\mfcex02\debug\mfcex02.res
d:\mfc\mfcex02 - 클래스 교체\mfcex02\debug\mfcex02.tlog\cl.command.1.tlog
d:\mfc\mfcex02 - 클래스 교체\mfcex02\debug\mfcex02.tlog\cl.read.1.tlog
d:\mfc\mfcex02 - 클래스 교체\mfcex02\debug\mfcex02.tlog\cl.write.1.tlog
d:\mfc\mfcex02 - 클래스 교체\mfcex02\debug\mfcex02.tlog\link.command.1.tlog
d:\mfc\mfcex02 - 클래스 교체\mfcex02\debug\mfcex02.tlog\link.read.1.tlog
d:\mfc\mfcex02 - 클래스 교체\mfcex02\debug\mfcex02.tlog\link.write.1.tlog
d:\mfc\mfcex02 - 클래스 교체\mfcex02\debug\mfcex02.tlog\rc.command.1.tlog
d:\mfc\mfcex02 - 클래스 교체\mfcex02\debug\mfcex02.tlog\rc.read.1.tlog
d:\mfc\mfcex02 - 클래스 교체\mfcex02\debug\mfcex02.tlog\rc.write.1.tlog
