빌드 시작: 2024-07-24 오후 2:14:26
     1>2 노드의 "D:\MFC\MFCEx02_Class_Changed\MFCEx02\MFCEx02.vcxproj" 프로젝트(Build 대상)입니다.
     1>ClCompile:
         C:\Program Files (x86)\Microsoft Visual Studio 12.0\VC\bin\CL.exe /c /ID:\MFC\MFCEx02_Class_Changed\\Library /ZI /nologo /W3 /WX- /sdl /Od /Oy- /D WIN32 /D _WINDOWS /D _DEBUG /D _UNICODE /D UNICODE /D _AFXDLL /Gm /EHsc /RTC1 /MDd /GS /fp:precise /Zc:wchar_t /Zc:forScope /Yu"stdafx.h" /Fp"Debug\MFCEx02.pch" /Fo"Debug\\" /Fd"Debug\vc120.pdb" /Gd /TP /analyze- /errorReport:prompt MFCEx02Dlg.cpp
         MFCEx02Dlg.cpp
     1>d:\mfc\mfcex02_class_changed\mfcex02\mfcex02dlg.cpp(259): warning C4018: '<' : signed 또는 unsigned가 일치하지 않습니다.
     1>d:\mfc\mfcex02_class_changed\mfcex02\mfcex02dlg.cpp(359): warning C4244: '초기화 중' : 'const float'에서 'int'(으)로 변환하면서 데이터가 손실될 수 있습니다.
     1>d:\mfc\mfcex02_class_changed\mfcex02\mfcex02dlg.cpp(360): warning C4244: '초기화 중' : 'const float'에서 'int'(으)로 변환하면서 데이터가 손실될 수 있습니다.
     1>d:\mfc\mfcex02_class_changed\mfcex02\mfcex02dlg.cpp(375): warning C4244: '초기화 중' : 'const float'에서 'int'(으)로 변환하면서 데이터가 손실될 수 있습니다.
     1>d:\mfc\mfcex02_class_changed\mfcex02\mfcex02dlg.cpp(376): warning C4244: '초기화 중' : 'const float'에서 'int'(으)로 변환하면서 데이터가 손실될 수 있습니다.
     1>d:\mfc\mfcex02_class_changed\mfcex02\mfcex02dlg.cpp(377): warning C4244: '초기화 중' : 'const float'에서 'int'(으)로 변환하면서 데이터가 손실될 수 있습니다.
     1>d:\mfc\mfcex02_class_changed\mfcex02\mfcex02dlg.cpp(378): warning C4244: '초기화 중' : 'const float'에서 'int'(으)로 변환하면서 데이터가 손실될 수 있습니다.
     1>d:\mfc\mfcex02_class_changed\mfcex02\mfcex02dlg.cpp(462): warning C4018: '<' : signed 또는 unsigned가 일치하지 않습니다.
     1>d:\mfc\mfcex02_class_changed\mfcex02\mfcex02dlg.cpp(739): warning C4715: 'CMFCEx02Dlg::CommandProcs' : 모든 제어 경로에서 값을 반환하지는 않습니다.
       Link:
         C:\Program Files (x86)\Microsoft Visual Studio 12.0\VC\bin\link.exe /ERRORREPORT:PROMPT /OUT:"D:\MFC\MFCEx02_Class_Changed\Debug\MFCEx02.exe" /INCREMENTAL /NOLOGO D:\MFC\MFCEx02_Class_Changed\\Library\Pcomm.lib /MANIFEST /MANIFESTUAC:"level='asInvoker' uiAccess='false'" /manifest:embed /manifestinput:"C:\Program Files (x86)\Microsoft Visual Studio 12.0\VC\Include\Manifest\dpiaware.manifest" /DEBUG /PDB:"D:\MFC\MFCEx02_Class_Changed\Debug\MFCEx02.pdb" /SUBSYSTEM:WINDOWS /TLBID:1 /ENTRY:"wWinMainCRTStartup" /DYNAMICBASE /NXCOMPAT /IMPLIB:"D:\MFC\MFCEx02_Class_Changed\Debug\MFCEx02.lib" /MACHINE:X86 Debug\MFCEx02.res
         Debug\Comm.obj
         Debug\FPoint.obj
         Debug\MFCEx02.obj
         Debug\MFCEx02Dlg.obj
         Debug\stdafx.obj
         MFCEx02.vcxproj -> D:\MFC\MFCEx02_Class_Changed\Debug\MFCEx02.exe
     1>"D:\MFC\MFCEx02_Class_Changed\MFCEx02\MFCEx02.vcxproj" 프로젝트를 빌드했습니다(Build 대상).

빌드했습니다.

경과 시간: 00:00:00.45
